<?xml version="1.0" encoding="UTF-8"?>
<testsuite xmlns:xsi="http://www.w3.org/2001/XMLSchema-instance" xsi:noNamespaceSchemaLocation="https://maven.apache.org/surefire/maven-surefire-plugin/xsd/surefire-test-report.xsd" name="com.example.esjd.EsJdApplicationTests" time="2.648" tests="1" errors="0" skipped="0" failures="0">
  <properties>
    <property name="sun.desktop" value="windows"/>
    <property name="awt.toolkit" value="sun.awt.windows.WToolkit"/>
    <property name="java.specification.version" value="11"/>
    <property name="sun.cpu.isalist" value="amd64"/>
    <property name="sun.jnu.encoding" value="GBK"/>
    <property name="java.class.path" value="D:\code\es-jd\target\test-classes;D:\code\es-jd\target\classes;C:\Users\86130\.m2\repository\org\jsoup\jsoup\1.10.2\jsoup-1.10.2.jar;C:\Users\86130\.m2\repository\com\alibaba\fastjson\1.2.62\fastjson-1.2.62.jar;C:\Users\86130\.m2\repository\org\springframework\boot\spring-boot-starter-data-elasticsearch\2.5.3\spring-boot-starter-data-elasticsearch-2.5.3.jar;C:\Users\86130\.m2\repository\org\springframework\boot\spring-boot-starter\2.5.3\spring-boot-starter-2.5.3.jar;C:\Users\86130\.m2\repository\org\springframework\boot\spring-boot-starter-logging\2.5.3\spring-boot-starter-logging-2.5.3.jar;C:\Users\86130\.m2\repository\ch\qos\logback\logback-classic\1.2.4\logback-classic-1.2.4.jar;C:\Users\86130\.m2\repository\ch\qos\logback\logback-core\1.2.4\logback-core-1.2.4.jar;C:\Users\86130\.m2\repository\org\apache\logging\log4j\log4j-to-slf4j\2.14.1\log4j-to-slf4j-2.14.1.jar;C:\Users\86130\.m2\repository\org\apache\logging\log4j\log4j-api\2.14.1\log4j-api-2.14.1.jar;C:\Users\86130\.m2\repository\org\slf4j\jul-to-slf4j\1.7.32\jul-to-slf4j-1.7.32.jar;C:\Users\86130\.m2\repository\jakarta\annotation\jakarta.annotation-api\1.3.5\jakarta.annotation-api-1.3.5.jar;C:\Users\86130\.m2\repository\org\yaml\snakeyaml\1.28\snakeyaml-1.28.jar;C:\Users\86130\.m2\repository\org\springframework\data\spring-data-elasticsearch\4.2.3\spring-data-elasticsearch-4.2.3.jar;C:\Users\86130\.m2\repository\org\springframework\spring-context\5.3.9\spring-context-5.3.9.jar;C:\Users\86130\.m2\repository\org\springframework\spring-tx\5.3.9\spring-tx-5.3.9.jar;C:\Users\86130\.m2\repository\org\springframework\data\spring-data-commons\2.5.3\spring-data-commons-2.5.3.jar;C:\Users\86130\.m2\repository\org\elasticsearch\plugin\transport-netty4-client\7.14.0\transport-netty4-client-7.14.0.jar;C:\Users\86130\.m2\repository\io\netty\netty-buffer\4.1.66.Final\netty-buffer-4.1.66.Final.jar;C:\Users\86130\.m2\repository\io\netty\netty-codec\4.1.66.Final\netty-codec-4.1.66.Final.jar;C:\Users\86130\.m2\repository\io\netty\netty-codec-http\4.1.66.Final\netty-codec-http-4.1.66.Final.jar;C:\Users\86130\.m2\repository\io\netty\netty-common\4.1.66.Final\netty-common-4.1.66.Final.jar;C:\Users\86130\.m2\repository\io\netty\netty-handler\4.1.66.Final\netty-handler-4.1.66.Final.jar;C:\Users\86130\.m2\repository\io\netty\netty-resolver\4.1.66.Final\netty-resolver-4.1.66.Final.jar;C:\Users\86130\.m2\repository\io\netty\netty-transport\4.1.66.Final\netty-transport-4.1.66.Final.jar;C:\Users\86130\.m2\repository\org\elasticsearch\client\elasticsearch-rest-high-level-client\7.14.0\elasticsearch-rest-high-level-client-7.14.0.jar;C:\Users\86130\.m2\repository\org\elasticsearch\elasticsearch\7.14.0\elasticsearch-7.14.0.jar;C:\Users\86130\.m2\repository\org\elasticsearch\elasticsearch-core\7.14.0\elasticsearch-core-7.14.0.jar;C:\Users\86130\.m2\repository\org\elasticsearch\elasticsearch-secure-sm\7.14.0\elasticsearch-secure-sm-7.14.0.jar;C:\Users\86130\.m2\repository\org\elasticsearch\elasticsearch-x-content\7.14.0\elasticsearch-x-content-7.14.0.jar;C:\Users\86130\.m2\repository\com\fasterxml\jackson\dataformat\jackson-dataformat-smile\2.12.4\jackson-dataformat-smile-2.12.4.jar;C:\Users\86130\.m2\repository\com\fasterxml\jackson\dataformat\jackson-dataformat-yaml\2.12.4\jackson-dataformat-yaml-2.12.4.jar;C:\Users\86130\.m2\repository\com\fasterxml\jackson\dataformat\jackson-dataformat-cbor\2.12.4\jackson-dataformat-cbor-2.12.4.jar;C:\Users\86130\.m2\repository\org\elasticsearch\elasticsearch-geo\7.14.0\elasticsearch-geo-7.14.0.jar;C:\Users\86130\.m2\repository\org\apache\lucene\lucene-core\8.9.0\lucene-core-8.9.0.jar;C:\Users\86130\.m2\repository\org\apache\lucene\lucene-analyzers-common\8.9.0\lucene-analyzers-common-8.9.0.jar;C:\Users\86130\.m2\repository\org\apache\lucene\lucene-backward-codecs\8.9.0\lucene-backward-codecs-8.9.0.jar;C:\Users\86130\.m2\repository\org\apache\lucene\lucene-grouping\8.9.0\lucene-grouping-8.9.0.jar;C:\Users\86130\.m2\repository\org\apache\lucene\lucene-highlighter\8.9.0\lucene-highlighter-8.9.0.jar;C:\Users\86130\.m2\repository\org\apache\lucene\lucene-join\8.9.0\lucene-join-8.9.0.jar;C:\Users\86130\.m2\repository\org\apache\lucene\lucene-memory\8.9.0\lucene-memory-8.9.0.jar;C:\Users\86130\.m2\repository\org\apache\lucene\lucene-misc\8.9.0\lucene-misc-8.9.0.jar;C:\Users\86130\.m2\repository\org\apache\lucene\lucene-queries\8.9.0\lucene-queries-8.9.0.jar;C:\Users\86130\.m2\repository\org\apache\lucene\lucene-queryparser\8.9.0\lucene-queryparser-8.9.0.jar;C:\Users\86130\.m2\repository\org\apache\lucene\lucene-sandbox\8.9.0\lucene-sandbox-8.9.0.jar;C:\Users\86130\.m2\repository\org\apache\lucene\lucene-spatial-extras\8.9.0\lucene-spatial-extras-8.9.0.jar;C:\Users\86130\.m2\repository\org\apache\lucene\lucene-spatial3d\8.9.0\lucene-spatial3d-8.9.0.jar;C:\Users\86130\.m2\repository\org\apache\lucene\lucene-suggest\8.9.0\lucene-suggest-8.9.0.jar;C:\Users\86130\.m2\repository\org\elasticsearch\elasticsearch-cli\7.14.0\elasticsearch-cli-7.14.0.jar;C:\Users\86130\.m2\repository\net\sf\jopt-simple\jopt-simple\5.0.2\jopt-simple-5.0.2.jar;C:\Users\86130\.m2\repository\com\carrotsearch\hppc\0.8.1\hppc-0.8.1.jar;C:\Users\86130\.m2\repository\org\lz4\lz4-java\1.8.0\lz4-java-1.8.0.jar;C:\Users\86130\.m2\repository\joda-time\joda-time\2.10.10\joda-time-2.10.10.jar;C:\Users\86130\.m2\repository\com\tdunning\t-digest\3.2\t-digest-3.2.jar;C:\Users\86130\.m2\repository\org\hdrhistogram\HdrHistogram\2.1.9\HdrHistogram-2.1.9.jar;C:\Users\86130\.m2\repository\org\elasticsearch\jna\5.7.0-1\jna-5.7.0-1.jar;C:\Users\86130\.m2\repository\org\elasticsearch\elasticsearch-plugin-classloader\7.14.0\elasticsearch-plugin-classloader-7.14.0.jar;C:\Users\86130\.m2\repository\org\elasticsearch\client\elasticsearch-rest-client\7.14.0\elasticsearch-rest-client-7.14.0.jar;C:\Users\86130\.m2\repository\org\apache\httpcomponents\httpclient\4.5.13\httpclient-4.5.13.jar;C:\Users\86130\.m2\repository\org\apache\httpcomponents\httpcore\4.4.14\httpcore-4.4.14.jar;C:\Users\86130\.m2\repository\org\apache\httpcomponents\httpasyncclient\4.1.4\httpasyncclient-4.1.4.jar;C:\Users\86130\.m2\repository\org\apache\httpcomponents\httpcore-nio\4.4.14\httpcore-nio-4.4.14.jar;C:\Users\86130\.m2\repository\commons-codec\commons-codec\1.15\commons-codec-1.15.jar;C:\Users\86130\.m2\repository\org\elasticsearch\plugin\mapper-extras-client\7.14.0\mapper-extras-client-7.14.0.jar;C:\Users\86130\.m2\repository\org\elasticsearch\plugin\parent-join-client\7.14.0\parent-join-client-7.14.0.jar;C:\Users\86130\.m2\repository\org\elasticsearch\plugin\aggs-matrix-stats-client\7.14.0\aggs-matrix-stats-client-7.14.0.jar;C:\Users\86130\.m2\repository\org\elasticsearch\plugin\rank-eval-client\7.14.0\rank-eval-client-7.14.0.jar;C:\Users\86130\.m2\repository\org\elasticsearch\plugin\lang-mustache-client\7.14.0\lang-mustache-client-7.14.0.jar;C:\Users\86130\.m2\repository\com\github\spullara\mustache\java\compiler\0.9.6\compiler-0.9.6.jar;C:\Users\86130\.m2\repository\com\fasterxml\jackson\core\jackson-core\2.12.4\jackson-core-2.12.4.jar;C:\Users\86130\.m2\repository\com\fasterxml\jackson\core\jackson-databind\2.12.4\jackson-databind-2.12.4.jar;C:\Users\86130\.m2\repository\com\fasterxml\jackson\core\jackson-annotations\2.12.4\jackson-annotations-2.12.4.jar;C:\Users\86130\.m2\repository\org\slf4j\slf4j-api\1.7.32\slf4j-api-1.7.32.jar;C:\Users\86130\.m2\repository\org\springframework\boot\spring-boot-starter-thymeleaf\2.5.3\spring-boot-starter-thymeleaf-2.5.3.jar;C:\Users\86130\.m2\repository\org\thymeleaf\thymeleaf-spring5\3.0.12.RELEASE\thymeleaf-spring5-3.0.12.RELEASE.jar;C:\Users\86130\.m2\repository\org\thymeleaf\thymeleaf\3.0.12.RELEASE\thymeleaf-3.0.12.RELEASE.jar;C:\Users\86130\.m2\repository\org\attoparser\attoparser\2.0.5.RELEASE\attoparser-2.0.5.RELEASE.jar;C:\Users\86130\.m2\repository\org\unbescape\unbescape\1.1.6.RELEASE\unbescape-1.1.6.RELEASE.jar;C:\Users\86130\.m2\repository\org\thymeleaf\extras\thymeleaf-extras-java8time\3.0.4.RELEASE\thymeleaf-extras-java8time-3.0.4.RELEASE.jar;C:\Users\86130\.m2\repository\org\springframework\boot\spring-boot-starter-web\2.5.3\spring-boot-starter-web-2.5.3.jar;C:\Users\86130\.m2\repository\org\springframework\boot\spring-boot-starter-json\2.5.3\spring-boot-starter-json-2.5.3.jar;C:\Users\86130\.m2\repository\com\fasterxml\jackson\datatype\jackson-datatype-jdk8\2.12.4\jackson-datatype-jdk8-2.12.4.jar;C:\Users\86130\.m2\repository\com\fasterxml\jackson\datatype\jackson-datatype-jsr310\2.12.4\jackson-datatype-jsr310-2.12.4.jar;C:\Users\86130\.m2\repository\com\fasterxml\jackson\module\jackson-module-parameter-names\2.12.4\jackson-module-parameter-names-2.12.4.jar;C:\Users\86130\.m2\repository\org\springframework\boot\spring-boot-starter-tomcat\2.5.3\spring-boot-starter-tomcat-2.5.3.jar;C:\Users\86130\.m2\repository\org\apache\tomcat\embed\tomcat-embed-core\9.0.50\tomcat-embed-core-9.0.50.jar;C:\Users\86130\.m2\repository\org\apache\tomcat\embed\tomcat-embed-el\9.0.50\tomcat-embed-el-9.0.50.jar;C:\Users\86130\.m2\repository\org\apache\tomcat\embed\tomcat-embed-websocket\9.0.50\tomcat-embed-websocket-9.0.50.jar;C:\Users\86130\.m2\repository\org\springframework\spring-web\5.3.9\spring-web-5.3.9.jar;C:\Users\86130\.m2\repository\org\springframework\spring-beans\5.3.9\spring-beans-5.3.9.jar;C:\Users\86130\.m2\repository\org\springframework\spring-webmvc\5.3.9\spring-webmvc-5.3.9.jar;C:\Users\86130\.m2\repository\org\springframework\spring-aop\5.3.9\spring-aop-5.3.9.jar;C:\Users\86130\.m2\repository\org\springframework\spring-expression\5.3.9\spring-expression-5.3.9.jar;C:\Users\86130\.m2\repository\org\springframework\boot\spring-boot-devtools\2.5.3\spring-boot-devtools-2.5.3.jar;C:\Users\86130\.m2\repository\org\springframework\boot\spring-boot\2.5.3\spring-boot-2.5.3.jar;C:\Users\86130\.m2\repository\org\springframework\boot\spring-boot-autoconfigure\2.5.3\spring-boot-autoconfigure-2.5.3.jar;C:\Users\86130\.m2\repository\org\springframework\boot\spring-boot-configuration-processor\2.5.3\spring-boot-configuration-processor-2.5.3.jar;C:\Users\86130\.m2\repository\org\projectlombok\lombok\1.18.20\lombok-1.18.20.jar;C:\Users\86130\.m2\repository\org\springframework\boot\spring-boot-starter-test\2.5.3\spring-boot-starter-test-2.5.3.jar;C:\Users\86130\.m2\repository\org\springframework\boot\spring-boot-test\2.5.3\spring-boot-test-2.5.3.jar;C:\Users\86130\.m2\repository\org\springframework\boot\spring-boot-test-autoconfigure\2.5.3\spring-boot-test-autoconfigure-2.5.3.jar;C:\Users\86130\.m2\repository\com\jayway\jsonpath\json-path\2.5.0\json-path-2.5.0.jar;C:\Users\86130\.m2\repository\net\minidev\json-smart\2.4.7\json-smart-2.4.7.jar;C:\Users\86130\.m2\repository\net\minidev\accessors-smart\2.4.7\accessors-smart-2.4.7.jar;C:\Users\86130\.m2\repository\org\ow2\asm\asm\9.1\asm-9.1.jar;C:\Users\86130\.m2\repository\jakarta\xml\bind\jakarta.xml.bind-api\2.3.3\jakarta.xml.bind-api-2.3.3.jar;C:\Users\86130\.m2\repository\jakarta\activation\jakarta.activation-api\1.2.2\jakarta.activation-api-1.2.2.jar;C:\Users\86130\.m2\repository\org\assertj\assertj-core\3.19.0\assertj-core-3.19.0.jar;C:\Users\86130\.m2\repository\org\hamcrest\hamcrest\2.2\hamcrest-2.2.jar;C:\Users\86130\.m2\repository\org\junit\jupiter\junit-jupiter\5.7.2\junit-jupiter-5.7.2.jar;C:\Users\86130\.m2\repository\org\junit\jupiter\junit-jupiter-api\5.7.2\junit-jupiter-api-5.7.2.jar;C:\Users\86130\.m2\repository\org\apiguardian\apiguardian-api\1.1.0\apiguardian-api-1.1.0.jar;C:\Users\86130\.m2\repository\org\opentest4j\opentest4j\1.2.0\opentest4j-1.2.0.jar;C:\Users\86130\.m2\repository\org\junit\platform\junit-platform-commons\1.7.2\junit-platform-commons-1.7.2.jar;C:\Users\86130\.m2\repository\org\junit\jupiter\junit-jupiter-params\5.7.2\junit-jupiter-params-5.7.2.jar;C:\Users\86130\.m2\repository\org\junit\jupiter\junit-jupiter-engine\5.7.2\junit-jupiter-engine-5.7.2.jar;C:\Users\86130\.m2\repository\org\junit\platform\junit-platform-engine\1.7.2\junit-platform-engine-1.7.2.jar;C:\Users\86130\.m2\repository\org\mockito\mockito-core\3.9.0\mockito-core-3.9.0.jar;C:\Users\86130\.m2\repository\net\bytebuddy\byte-buddy\1.10.22\byte-buddy-1.10.22.jar;C:\Users\86130\.m2\repository\net\bytebuddy\byte-buddy-agent\1.10.22\byte-buddy-agent-1.10.22.jar;C:\Users\86130\.m2\repository\org\objenesis\objenesis\3.2\objenesis-3.2.jar;C:\Users\86130\.m2\repository\org\mockito\mockito-junit-jupiter\3.9.0\mockito-junit-jupiter-3.9.0.jar;C:\Users\86130\.m2\repository\org\skyscreamer\jsonassert\1.5.0\jsonassert-1.5.0.jar;C:\Users\86130\.m2\repository\com\vaadin\external\google\android-json\0.0.20131108.vaadin1\android-json-0.0.20131108.vaadin1.jar;C:\Users\86130\.m2\repository\org\springframework\spring-core\5.3.9\spring-core-5.3.9.jar;C:\Users\86130\.m2\repository\org\springframework\spring-jcl\5.3.9\spring-jcl-5.3.9.jar;C:\Users\86130\.m2\repository\org\springframework\spring-test\5.3.9\spring-test-5.3.9.jar;C:\Users\86130\.m2\repository\org\xmlunit\xmlunit-core\2.8.2\xmlunit-core-2.8.2.jar;"/>
    <property name="java.vm.vendor" value="Oracle Corporation"/>
    <property name="sun.arch.data.model" value="64"/>
    <property name="user.variant" value=""/>
    <property name="java.vendor.url" value="http://java.oracle.com/"/>
    <property name="user.timezone" value="Asia/Shanghai"/>
    <property name="java.vm.specification.version" value="11"/>
    <property name="os.name" value="Windows 10"/>
    <property name="sun.java.launcher" value="SUN_STANDARD"/>
    <property name="user.country" value="CN"/>
    <property name="sun.boot.library.path" value="D:\jdk11\bin"/>
    <property name="sun.java.command" value="C:\Users\86130\AppData\Local\Temp\surefire18356641821605196702\surefirebooter6387236757597403959.jar C:\Users\86130\AppData\Local\Temp\surefire18356641821605196702 2021-08-13T16-06-29_452-jvmRun1 surefire17058195115615018975tmp surefire_016033818730037157628tmp"/>
    <property name="jdk.debug" value="release"/>
    <property name="surefire.test.class.path" value="D:\code\es-jd\target\test-classes;D:\code\es-jd\target\classes;C:\Users\86130\.m2\repository\org\jsoup\jsoup\1.10.2\jsoup-1.10.2.jar;C:\Users\86130\.m2\repository\com\alibaba\fastjson\1.2.62\fastjson-1.2.62.jar;C:\Users\86130\.m2\repository\org\springframework\boot\spring-boot-starter-data-elasticsearch\2.5.3\spring-boot-starter-data-elasticsearch-2.5.3.jar;C:\Users\86130\.m2\repository\org\springframework\boot\spring-boot-starter\2.5.3\spring-boot-starter-2.5.3.jar;C:\Users\86130\.m2\repository\org\springframework\boot\spring-boot-starter-logging\2.5.3\spring-boot-starter-logging-2.5.3.jar;C:\Users\86130\.m2\repository\ch\qos\logback\logback-classic\1.2.4\logback-classic-1.2.4.jar;C:\Users\86130\.m2\repository\ch\qos\logback\logback-core\1.2.4\logback-core-1.2.4.jar;C:\Users\86130\.m2\repository\org\apache\logging\log4j\log4j-to-slf4j\2.14.1\log4j-to-slf4j-2.14.1.jar;C:\Users\86130\.m2\repository\org\apache\logging\log4j\log4j-api\2.14.1\log4j-api-2.14.1.jar;C:\Users\86130\.m2\repository\org\slf4j\jul-to-slf4j\1.7.32\jul-to-slf4j-1.7.32.jar;C:\Users\86130\.m2\repository\jakarta\annotation\jakarta.annotation-api\1.3.5\jakarta.annotation-api-1.3.5.jar;C:\Users\86130\.m2\repository\org\yaml\snakeyaml\1.28\snakeyaml-1.28.jar;C:\Users\86130\.m2\repository\org\springframework\data\spring-data-elasticsearch\4.2.3\spring-data-elasticsearch-4.2.3.jar;C:\Users\86130\.m2\repository\org\springframework\spring-context\5.3.9\spring-context-5.3.9.jar;C:\Users\86130\.m2\repository\org\springframework\spring-tx\5.3.9\spring-tx-5.3.9.jar;C:\Users\86130\.m2\repository\org\springframework\data\spring-data-commons\2.5.3\spring-data-commons-2.5.3.jar;C:\Users\86130\.m2\repository\org\elasticsearch\plugin\transport-netty4-client\7.14.0\transport-netty4-client-7.14.0.jar;C:\Users\86130\.m2\repository\io\netty\netty-buffer\4.1.66.Final\netty-buffer-4.1.66.Final.jar;C:\Users\86130\.m2\repository\io\netty\netty-codec\4.1.66.Final\netty-codec-4.1.66.Final.jar;C:\Users\86130\.m2\repository\io\netty\netty-codec-http\4.1.66.Final\netty-codec-http-4.1.66.Final.jar;C:\Users\86130\.m2\repository\io\netty\netty-common\4.1.66.Final\netty-common-4.1.66.Final.jar;C:\Users\86130\.m2\repository\io\netty\netty-handler\4.1.66.Final\netty-handler-4.1.66.Final.jar;C:\Users\86130\.m2\repository\io\netty\netty-resolver\4.1.66.Final\netty-resolver-4.1.66.Final.jar;C:\Users\86130\.m2\repository\io\netty\netty-transport\4.1.66.Final\netty-transport-4.1.66.Final.jar;C:\Users\86130\.m2\repository\org\elasticsearch\client\elasticsearch-rest-high-level-client\7.14.0\elasticsearch-rest-high-level-client-7.14.0.jar;C:\Users\86130\.m2\repository\org\elasticsearch\elasticsearch\7.14.0\elasticsearch-7.14.0.jar;C:\Users\86130\.m2\repository\org\elasticsearch\elasticsearch-core\7.14.0\elasticsearch-core-7.14.0.jar;C:\Users\86130\.m2\repository\org\elasticsearch\elasticsearch-secure-sm\7.14.0\elasticsearch-secure-sm-7.14.0.jar;C:\Users\86130\.m2\repository\org\elasticsearch\elasticsearch-x-content\7.14.0\elasticsearch-x-content-7.14.0.jar;C:\Users\86130\.m2\repository\com\fasterxml\jackson\dataformat\jackson-dataformat-smile\2.12.4\jackson-dataformat-smile-2.12.4.jar;C:\Users\86130\.m2\repository\com\fasterxml\jackson\dataformat\jackson-dataformat-yaml\2.12.4\jackson-dataformat-yaml-2.12.4.jar;C:\Users\86130\.m2\repository\com\fasterxml\jackson\dataformat\jackson-dataformat-cbor\2.12.4\jackson-dataformat-cbor-2.12.4.jar;C:\Users\86130\.m2\repository\org\elasticsearch\elasticsearch-geo\7.14.0\elasticsearch-geo-7.14.0.jar;C:\Users\86130\.m2\repository\org\apache\lucene\lucene-core\8.9.0\lucene-core-8.9.0.jar;C:\Users\86130\.m2\repository\org\apache\lucene\lucene-analyzers-common\8.9.0\lucene-analyzers-common-8.9.0.jar;C:\Users\86130\.m2\repository\org\apache\lucene\lucene-backward-codecs\8.9.0\lucene-backward-codecs-8.9.0.jar;C:\Users\86130\.m2\repository\org\apache\lucene\lucene-grouping\8.9.0\lucene-grouping-8.9.0.jar;C:\Users\86130\.m2\repository\org\apache\lucene\lucene-highlighter\8.9.0\lucene-highlighter-8.9.0.jar;C:\Users\86130\.m2\repository\org\apache\lucene\lucene-join\8.9.0\lucene-join-8.9.0.jar;C:\Users\86130\.m2\repository\org\apache\lucene\lucene-memory\8.9.0\lucene-memory-8.9.0.jar;C:\Users\86130\.m2\repository\org\apache\lucene\lucene-misc\8.9.0\lucene-misc-8.9.0.jar;C:\Users\86130\.m2\repository\org\apache\lucene\lucene-queries\8.9.0\lucene-queries-8.9.0.jar;C:\Users\86130\.m2\repository\org\apache\lucene\lucene-queryparser\8.9.0\lucene-queryparser-8.9.0.jar;C:\Users\86130\.m2\repository\org\apache\lucene\lucene-sandbox\8.9.0\lucene-sandbox-8.9.0.jar;C:\Users\86130\.m2\repository\org\apache\lucene\lucene-spatial-extras\8.9.0\lucene-spatial-extras-8.9.0.jar;C:\Users\86130\.m2\repository\org\apache\lucene\lucene-spatial3d\8.9.0\lucene-spatial3d-8.9.0.jar;C:\Users\86130\.m2\repository\org\apache\lucene\lucene-suggest\8.9.0\lucene-suggest-8.9.0.jar;C:\Users\86130\.m2\repository\org\elasticsearch\elasticsearch-cli\7.14.0\elasticsearch-cli-7.14.0.jar;C:\Users\86130\.m2\repository\net\sf\jopt-simple\jopt-simple\5.0.2\jopt-simple-5.0.2.jar;C:\Users\86130\.m2\repository\com\carrotsearch\hppc\0.8.1\hppc-0.8.1.jar;C:\Users\86130\.m2\repository\org\lz4\lz4-java\1.8.0\lz4-java-1.8.0.jar;C:\Users\86130\.m2\repository\joda-time\joda-time\2.10.10\joda-time-2.10.10.jar;C:\Users\86130\.m2\repository\com\tdunning\t-digest\3.2\t-digest-3.2.jar;C:\Users\86130\.m2\repository\org\hdrhistogram\HdrHistogram\2.1.9\HdrHistogram-2.1.9.jar;C:\Users\86130\.m2\repository\org\elasticsearch\jna\5.7.0-1\jna-5.7.0-1.jar;C:\Users\86130\.m2\repository\org\elasticsearch\elasticsearch-plugin-classloader\7.14.0\elasticsearch-plugin-classloader-7.14.0.jar;C:\Users\86130\.m2\repository\org\elasticsearch\client\elasticsearch-rest-client\7.14.0\elasticsearch-rest-client-7.14.0.jar;C:\Users\86130\.m2\repository\org\apache\httpcomponents\httpclient\4.5.13\httpclient-4.5.13.jar;C:\Users\86130\.m2\repository\org\apache\httpcomponents\httpcore\4.4.14\httpcore-4.4.14.jar;C:\Users\86130\.m2\repository\org\apache\httpcomponents\httpasyncclient\4.1.4\httpasyncclient-4.1.4.jar;C:\Users\86130\.m2\repository\org\apache\httpcomponents\httpcore-nio\4.4.14\httpcore-nio-4.4.14.jar;C:\Users\86130\.m2\repository\commons-codec\commons-codec\1.15\commons-codec-1.15.jar;C:\Users\86130\.m2\repository\org\elasticsearch\plugin\mapper-extras-client\7.14.0\mapper-extras-client-7.14.0.jar;C:\Users\86130\.m2\repository\org\elasticsearch\plugin\parent-join-client\7.14.0\parent-join-client-7.14.0.jar;C:\Users\86130\.m2\repository\org\elasticsearch\plugin\aggs-matrix-stats-client\7.14.0\aggs-matrix-stats-client-7.14.0.jar;C:\Users\86130\.m2\repository\org\elasticsearch\plugin\rank-eval-client\7.14.0\rank-eval-client-7.14.0.jar;C:\Users\86130\.m2\repository\org\elasticsearch\plugin\lang-mustache-client\7.14.0\lang-mustache-client-7.14.0.jar;C:\Users\86130\.m2\repository\com\github\spullara\mustache\java\compiler\0.9.6\compiler-0.9.6.jar;C:\Users\86130\.m2\repository\com\fasterxml\jackson\core\jackson-core\2.12.4\jackson-core-2.12.4.jar;C:\Users\86130\.m2\repository\com\fasterxml\jackson\core\jackson-databind\2.12.4\jackson-databind-2.12.4.jar;C:\Users\86130\.m2\repository\com\fasterxml\jackson\core\jackson-annotations\2.12.4\jackson-annotations-2.12.4.jar;C:\Users\86130\.m2\repository\org\slf4j\slf4j-api\1.7.32\slf4j-api-1.7.32.jar;C:\Users\86130\.m2\repository\org\springframework\boot\spring-boot-starter-thymeleaf\2.5.3\spring-boot-starter-thymeleaf-2.5.3.jar;C:\Users\86130\.m2\repository\org\thymeleaf\thymeleaf-spring5\3.0.12.RELEASE\thymeleaf-spring5-3.0.12.RELEASE.jar;C:\Users\86130\.m2\repository\org\thymeleaf\thymeleaf\3.0.12.RELEASE\thymeleaf-3.0.12.RELEASE.jar;C:\Users\86130\.m2\repository\org\attoparser\attoparser\2.0.5.RELEASE\attoparser-2.0.5.RELEASE.jar;C:\Users\86130\.m2\repository\org\unbescape\unbescape\1.1.6.RELEASE\unbescape-1.1.6.RELEASE.jar;C:\Users\86130\.m2\repository\org\thymeleaf\extras\thymeleaf-extras-java8time\3.0.4.RELEASE\thymeleaf-extras-java8time-3.0.4.RELEASE.jar;C:\Users\86130\.m2\repository\org\springframework\boot\spring-boot-starter-web\2.5.3\spring-boot-starter-web-2.5.3.jar;C:\Users\86130\.m2\repository\org\springframework\boot\spring-boot-starter-json\2.5.3\spring-boot-starter-json-2.5.3.jar;C:\Users\86130\.m2\repository\com\fasterxml\jackson\datatype\jackson-datatype-jdk8\2.12.4\jackson-datatype-jdk8-2.12.4.jar;C:\Users\86130\.m2\repository\com\fasterxml\jackson\datatype\jackson-datatype-jsr310\2.12.4\jackson-datatype-jsr310-2.12.4.jar;C:\Users\86130\.m2\repository\com\fasterxml\jackson\module\jackson-module-parameter-names\2.12.4\jackson-module-parameter-names-2.12.4.jar;C:\Users\86130\.m2\repository\org\springframework\boot\spring-boot-starter-tomcat\2.5.3\spring-boot-starter-tomcat-2.5.3.jar;C:\Users\86130\.m2\repository\org\apache\tomcat\embed\tomcat-embed-core\9.0.50\tomcat-embed-core-9.0.50.jar;C:\Users\86130\.m2\repository\org\apache\tomcat\embed\tomcat-embed-el\9.0.50\tomcat-embed-el-9.0.50.jar;C:\Users\86130\.m2\repository\org\apache\tomcat\embed\tomcat-embed-websocket\9.0.50\tomcat-embed-websocket-9.0.50.jar;C:\Users\86130\.m2\repository\org\springframework\spring-web\5.3.9\spring-web-5.3.9.jar;C:\Users\86130\.m2\repository\org\springframework\spring-beans\5.3.9\spring-beans-5.3.9.jar;C:\Users\86130\.m2\repository\org\springframework\spring-webmvc\5.3.9\spring-webmvc-5.3.9.jar;C:\Users\86130\.m2\repository\org\springframework\spring-aop\5.3.9\spring-aop-5.3.9.jar;C:\Users\86130\.m2\repository\org\springframework\spring-expression\5.3.9\spring-expression-5.3.9.jar;C:\Users\86130\.m2\repository\org\springframework\boot\spring-boot-devtools\2.5.3\spring-boot-devtools-2.5.3.jar;C:\Users\86130\.m2\repository\org\springframework\boot\spring-boot\2.5.3\spring-boot-2.5.3.jar;C:\Users\86130\.m2\repository\org\springframework\boot\spring-boot-autoconfigure\2.5.3\spring-boot-autoconfigure-2.5.3.jar;C:\Users\86130\.m2\repository\org\springframework\boot\spring-boot-configuration-processor\2.5.3\spring-boot-configuration-processor-2.5.3.jar;C:\Users\86130\.m2\repository\org\projectlombok\lombok\1.18.20\lombok-1.18.20.jar;C:\Users\86130\.m2\repository\org\springframework\boot\spring-boot-starter-test\2.5.3\spring-boot-starter-test-2.5.3.jar;C:\Users\86130\.m2\repository\org\springframework\boot\spring-boot-test\2.5.3\spring-boot-test-2.5.3.jar;C:\Users\86130\.m2\repository\org\springframework\boot\spring-boot-test-autoconfigure\2.5.3\spring-boot-test-autoconfigure-2.5.3.jar;C:\Users\86130\.m2\repository\com\jayway\jsonpath\json-path\2.5.0\json-path-2.5.0.jar;C:\Users\86130\.m2\repository\net\minidev\json-smart\2.4.7\json-smart-2.4.7.jar;C:\Users\86130\.m2\repository\net\minidev\accessors-smart\2.4.7\accessors-smart-2.4.7.jar;C:\Users\86130\.m2\repository\org\ow2\asm\asm\9.1\asm-9.1.jar;C:\Users\86130\.m2\repository\jakarta\xml\bind\jakarta.xml.bind-api\2.3.3\jakarta.xml.bind-api-2.3.3.jar;C:\Users\86130\.m2\repository\jakarta\activation\jakarta.activation-api\1.2.2\jakarta.activation-api-1.2.2.jar;C:\Users\86130\.m2\repository\org\assertj\assertj-core\3.19.0\assertj-core-3.19.0.jar;C:\Users\86130\.m2\repository\org\hamcrest\hamcrest\2.2\hamcrest-2.2.jar;C:\Users\86130\.m2\repository\org\junit\jupiter\junit-jupiter\5.7.2\junit-jupiter-5.7.2.jar;C:\Users\86130\.m2\repository\org\junit\jupiter\junit-jupiter-api\5.7.2\junit-jupiter-api-5.7.2.jar;C:\Users\86130\.m2\repository\org\apiguardian\apiguardian-api\1.1.0\apiguardian-api-1.1.0.jar;C:\Users\86130\.m2\repository\org\opentest4j\opentest4j\1.2.0\opentest4j-1.2.0.jar;C:\Users\86130\.m2\repository\org\junit\platform\junit-platform-commons\1.7.2\junit-platform-commons-1.7.2.jar;C:\Users\86130\.m2\repository\org\junit\jupiter\junit-jupiter-params\5.7.2\junit-jupiter-params-5.7.2.jar;C:\Users\86130\.m2\repository\org\junit\jupiter\junit-jupiter-engine\5.7.2\junit-jupiter-engine-5.7.2.jar;C:\Users\86130\.m2\repository\org\junit\platform\junit-platform-engine\1.7.2\junit-platform-engine-1.7.2.jar;C:\Users\86130\.m2\repository\org\mockito\mockito-core\3.9.0\mockito-core-3.9.0.jar;C:\Users\86130\.m2\repository\net\bytebuddy\byte-buddy\1.10.22\byte-buddy-1.10.22.jar;C:\Users\86130\.m2\repository\net\bytebuddy\byte-buddy-agent\1.10.22\byte-buddy-agent-1.10.22.jar;C:\Users\86130\.m2\repository\org\objenesis\objenesis\3.2\objenesis-3.2.jar;C:\Users\86130\.m2\repository\org\mockito\mockito-junit-jupiter\3.9.0\mockito-junit-jupiter-3.9.0.jar;C:\Users\86130\.m2\repository\org\skyscreamer\jsonassert\1.5.0\jsonassert-1.5.0.jar;C:\Users\86130\.m2\repository\com\vaadin\external\google\android-json\0.0.20131108.vaadin1\android-json-0.0.20131108.vaadin1.jar;C:\Users\86130\.m2\repository\org\springframework\spring-core\5.3.9\spring-core-5.3.9.jar;C:\Users\86130\.m2\repository\org\springframework\spring-jcl\5.3.9\spring-jcl-5.3.9.jar;C:\Users\86130\.m2\repository\org\springframework\spring-test\5.3.9\spring-test-5.3.9.jar;C:\Users\86130\.m2\repository\org\xmlunit\xmlunit-core\2.8.2\xmlunit-core-2.8.2.jar;"/>
    <property name="sun.cpu.endian" value="little"/>
    <property name="user.home" value="C:\Users\86130"/>
    <property name="user.language" value="zh"/>
    <property name="java.specification.vendor" value="Oracle Corporation"/>
    <property name="java.version.date" value="2020-01-14"/>
    <property name="java.home" value="D:\jdk11"/>
    <property name="file.separator" value="\"/>
    <property name="basedir" value="D:\code\es-jd"/>
    <property name="java.vm.compressedOopsMode" value="Zero based"/>
    <property name="line.separator" value="&#10;"/>
    <property name="java.specification.name" value="Java Platform API Specification"/>
    <property name="java.vm.specification.vendor" value="Oracle Corporation"/>
    <property name="java.awt.graphicsenv" value="sun.awt.Win32GraphicsEnvironment"/>
    <property name="surefire.real.class.path" value="C:\Users\86130\AppData\Local\Temp\surefire18356641821605196702\surefirebooter6387236757597403959.jar"/>
    <property name="user.script" value=""/>
    <property name="sun.management.compiler" value="HotSpot 64-Bit Tiered Compilers"/>
    <property name="java.runtime.version" value="11.0.6+8-LTS"/>
    <property name="user.name" value="LX-0033"/>
    <property name="path.separator" value=";"/>
    <property name="os.version" value="10.0"/>
    <property name="java.runtime.name" value="Java(TM) SE Runtime Environment"/>
    <property name="file.encoding" value="GBK"/>
    <property name="java.vm.name" value="Java HotSpot(TM) 64-Bit Server VM"/>
    <property name="java.vendor.version" value="18.9"/>
    <property name="localRepository" value="C:\Users\86130\.m2\repository"/>
    <property name="java.vendor.url.bug" value="http://bugreport.java.com/bugreport/"/>
    <property name="java.io.tmpdir" value="C:\Users\86130\AppData\Local\Temp\"/>
    <property name="idea.version" value="2021.1.3"/>
    <property name="java.version" value="11.0.6"/>
    <property name="user.dir" value="D:\code\es-jd"/>
    <property name="os.arch" value="amd64"/>
    <property name="java.vm.specification.name" value="Java Virtual Machine Specification"/>
    <property name="java.awt.printerjob" value="sun.awt.windows.WPrinterJob"/>
    <property name="sun.os.patch.level" value=""/>
    <property name="java.library.path" value="D:\jdk11\bin;C:\Windows\Sun\Java\bin;C:\Windows\system32;C:\Windows;C:\Program Files (x86)\Common Files\Oracle\Java\javapath;D:\VMware\bin\;C:\Windows\system32;C:\Windows;C:\Windows\System32\Wbem;C:\Windows\System32\WindowsPowerShell\v1.0\;C:\Windows\System32\OpenSSH\;D:\nodejs\;D:\SVN\bin;D:\jdk11\bin;D:\jdk11\jre\bin;D:\mysql-8.0.25-winx64\bin;D:\Xftp\;D:\Xshell\;D:\Git\cmd;D:\erl-24.0\bin;D:\apache-maven-3.5.3\bin;C:\Users\86130\AppData\Local\Microsoft\WindowsApps;D:\vscode\Microsoft VS Code\bin;C:\Users\86130\AppData\Roaming\npm;D:\IDEA_U\IntelliJ IDEA 2021.1.3\bin;;;."/>
    <property name="java.vendor" value="Oracle Corporation"/>
    <property name="java.vm.info" value="mixed mode"/>
    <property name="java.vm.version" value="11.0.6+8-LTS"/>
    <property name="sun.io.unicode.encoding" value="UnicodeLittle"/>
    <property name="java.class.version" value="55.0"/>
  </properties>
  <testcase name="contextLoads" classname="com.example.esjd.EsJdApplicationTests" time="0.245"/>
</testsuite>